<?xml version="1.0" encoding="UTF-8"?>
<robot generator="Robot 4.0.1 (Python 3.8.5 on linux)" generated="20210514 09:13:16.712" rpa="false" schemaversion="2">
<suite id="s1" name="Busca" source="/home/lilin/robot-env/robotFramework/robotFramework/test/busca.robot">
<test id="s1-t1" name="Abrir Pagina google e pesquisar por Robot Framework">
<kw name="Nova sessão" library="baseBusca" type="SETUP">
<kw name="Open Browser" library="SeleniumLibrary">
<arg>${url}</arg>
<arg>chrome</arg>
<doc>Opens a new browser instance to the optional ``url``.</doc>
<msg timestamp="20210514 09:13:16.836" level="INFO">Opening browser 'chrome' to base url 'https://www.google.com'.</msg>
<status status="PASS" starttime="20210514 09:13:16.836" endtime="20210514 09:13:19.591"/>
</kw>
<status status="PASS" starttime="20210514 09:13:16.836" endtime="20210514 09:13:19.592"/>
</kw>
<kw name="Input Text" library="SeleniumLibrary">
<arg>name=q</arg>
<arg>Robot Framework</arg>
<doc>Types the given ``text`` into the text field identified by ``locator``.</doc>
<msg timestamp="20210514 09:13:19.592" level="INFO">Typing text 'Robot Framework' into text field 'name=q'.</msg>
<status status="PASS" starttime="20210514 09:13:19.592" endtime="20210514 09:13:19.678"/>
</kw>
<kw name="Press Keys" library="SeleniumLibrary">
<arg>none</arg>
<arg>ENTER</arg>
<doc>Simulates the user pressing key(s) to an element or on the active browser.</doc>
<msg timestamp="20210514 09:13:19.679" level="INFO">Sending key(s) ('ENTER',) to page.</msg>
<msg timestamp="20210514 09:13:19.679" level="INFO">Pressing special key ENTER to browser.</msg>
<msg timestamp="20210514 09:13:19.679" level="INFO">Releasing special key ENTER.</msg>
<status status="PASS" starttime="20210514 09:13:19.678" endtime="20210514 09:13:21.261"/>
</kw>
<kw name="Click Element" library="SeleniumLibrary">
<arg>xpath=//*[@id="hdtb-msb"]/div[1]/div/div[3]/a</arg>
<doc>Click the element identified by ``locator``.</doc>
<msg timestamp="20210514 09:13:21.262" level="INFO">Clicking element 'xpath=//*[@id="hdtb-msb"]/div[1]/div/div[3]/a'.</msg>
<status status="PASS" starttime="20210514 09:13:21.262" endtime="20210514 09:13:22.653"/>
</kw>
<kw name="Encerra sessão" library="baseBusca" type="TEARDOWN">
<kw name="Capture Page Screenshot" library="SeleniumLibrary">
<doc>Takes a screenshot of the current page and embeds it into a log file.</doc>
<msg timestamp="20210514 09:13:22.850" level="INFO" html="true">&lt;/td&gt;&lt;/tr&gt;&lt;tr&gt;&lt;td colspan="3"&gt;&lt;a href="selenium-screenshot-7.png"&gt;&lt;img src="selenium-screenshot-7.png" width="800px"&gt;&lt;/a&gt;</msg>
<status status="PASS" starttime="20210514 09:13:22.653" endtime="20210514 09:13:22.851"/>
</kw>
<kw name="Close Browser" library="SeleniumLibrary">
<doc>Closes the current browser.</doc>
<status status="PASS" starttime="20210514 09:13:22.851" endtime="20210514 09:13:22.907"/>
</kw>
<status status="PASS" starttime="20210514 09:13:22.653" endtime="20210514 09:13:22.907"/>
</kw>
<status status="PASS" starttime="20210514 09:13:16.835" endtime="20210514 09:13:22.907"/>
</test>
<doc>Pesquisa Google usando Robot Framework com seleniumLibrary</doc>
<status status="PASS" starttime="20210514 09:13:16.713" endtime="20210514 09:13:22.907"/>
</suite>
<statistics>
<total>
<stat pass="1" fail="0" skip="0">All Tests</stat>
</total>
<tag>
</tag>
<suite>
<stat pass="1" fail="0" skip="0" id="s1" name="Busca">Busca</stat>
</suite>
</statistics>
<errors>
</errors>
</robot>
