<?xml version="1.0" encoding="UTF-8"?>
<robot generator="Robot 4.0.1 (Python 3.8.5 on linux)" generated="20210513 12:42:20.121" rpa="false" schemaversion="2">
<suite id="s1" name="Tests" source="/home/lilin/robot-env/robotFramework/robotFramework/tests">
<suite id="s1-s1" name="Checkbox" source="/home/lilin/robot-env/robotFramework/robotFramework/tests/checkbox.robot">
<test id="s1-s1-t1" name="Marcando Opção com ID">
<kw name="Nova sessão" library="base" type="SETUP">
<kw name="Open Browser" library="SeleniumLibrary">
<arg>${url}</arg>
<arg>chrome</arg>
<doc>Opens a new browser instance to the optional ``url``.</doc>
<msg timestamp="20210513 12:42:20.245" level="INFO">Opening browser 'chrome' to base url 'https://training-wheels-protocol.herokuapp.com/'.</msg>
<status status="PASS" starttime="20210513 12:42:20.245" endtime="20210513 12:42:26.533"/>
</kw>
<status status="PASS" starttime="20210513 12:42:20.245" endtime="20210513 12:42:26.534"/>
</kw>
<kw name="Go To" library="SeleniumLibrary">
<arg>${url}/checkboxes</arg>
<doc>Navigates the current browser window to the provided ``url``.</doc>
<msg timestamp="20210513 12:42:26.536" level="INFO">Opening url 'https://training-wheels-protocol.herokuapp.com//checkboxes'</msg>
<status status="PASS" starttime="20210513 12:42:26.535" endtime="20210513 12:42:26.799"/>
</kw>
<kw name="Select Checkbox" library="SeleniumLibrary">
<arg>${check-thor}</arg>
<doc>Selects the checkbox identified by ``locator``.</doc>
<msg timestamp="20210513 12:42:26.800" level="INFO">Selecting checkbox 'id:thor'.</msg>
<status status="PASS" starttime="20210513 12:42:26.799" endtime="20210513 12:42:26.865"/>
</kw>
<kw name="Checkbox Should Be Selected" library="SeleniumLibrary">
<arg>${check-thor}</arg>
<doc>Verifies checkbox ``locator`` is selected/checked.</doc>
<msg timestamp="20210513 12:42:26.866" level="INFO">Verifying checkbox 'id:thor' is selected.</msg>
<status status="PASS" starttime="20210513 12:42:26.865" endtime="20210513 12:42:26.888"/>
</kw>
<kw name="Encerra sessão" library="base" type="TEARDOWN">
<kw name="Close Browser" library="SeleniumLibrary">
<doc>Closes the current browser.</doc>
<status status="PASS" starttime="20210513 12:42:26.889" endtime="20210513 12:42:26.945"/>
</kw>
<status status="PASS" starttime="20210513 12:42:26.888" endtime="20210513 12:42:26.946"/>
</kw>
<status status="PASS" starttime="20210513 12:42:20.244" endtime="20210513 12:42:26.946"/>
</test>
<test id="s1-s1-t2" name="Marcando Opção com CSS selector">
<kw name="Nova sessão" library="base" type="SETUP">
<kw name="Open Browser" library="SeleniumLibrary">
<arg>${url}</arg>
<arg>chrome</arg>
<doc>Opens a new browser instance to the optional ``url``.</doc>
<msg timestamp="20210513 12:42:26.948" level="INFO">Opening browser 'chrome' to base url 'https://training-wheels-protocol.herokuapp.com/'.</msg>
<status status="PASS" starttime="20210513 12:42:26.947" endtime="20210513 12:42:32.934"/>
</kw>
<status status="PASS" starttime="20210513 12:42:26.947" endtime="20210513 12:42:32.935"/>
</kw>
<kw name="Go To" library="SeleniumLibrary">
<arg>${url}/checkboxes</arg>
<doc>Navigates the current browser window to the provided ``url``.</doc>
<msg timestamp="20210513 12:42:32.938" level="INFO">Opening url 'https://training-wheels-protocol.herokuapp.com//checkboxes'</msg>
<status status="PASS" starttime="20210513 12:42:32.937" endtime="20210513 12:42:33.196"/>
</kw>
<kw name="Select Checkbox" library="SeleniumLibrary">
<arg>${check-iron}</arg>
<doc>Selects the checkbox identified by ``locator``.</doc>
<msg timestamp="20210513 12:42:33.197" level="INFO">Selecting checkbox 'css:input[value='iron-man']'.</msg>
<status status="PASS" starttime="20210513 12:42:33.197" endtime="20210513 12:42:33.263"/>
</kw>
<kw name="Checkbox Should Be Selected" library="SeleniumLibrary">
<arg>${check-iron}</arg>
<doc>Verifies checkbox ``locator`` is selected/checked.</doc>
<msg timestamp="20210513 12:42:33.264" level="INFO">Verifying checkbox 'css:input[value='iron-man']' is selected.</msg>
<status status="PASS" starttime="20210513 12:42:33.263" endtime="20210513 12:42:33.289"/>
</kw>
<kw name="Encerra sessão" library="base" type="TEARDOWN">
<kw name="Close Browser" library="SeleniumLibrary">
<doc>Closes the current browser.</doc>
<status status="PASS" starttime="20210513 12:42:33.290" endtime="20210513 12:42:33.355"/>
</kw>
<status status="PASS" starttime="20210513 12:42:33.289" endtime="20210513 12:42:33.356"/>
</kw>
<tag>ironman</tag>
<status status="PASS" starttime="20210513 12:42:26.946" endtime="20210513 12:42:33.356"/>
</test>
<status status="PASS" starttime="20210513 12:42:20.138" endtime="20210513 12:42:33.358"/>
</suite>
<suite id="s1-s2" name="Title" source="/home/lilin/robot-env/robotFramework/robotFramework/tests/title.robot">
<test id="s1-s2-t1" name="Visualiza Titulo da Pagina">
<kw name="Nova sessão" library="base" type="SETUP">
<kw name="Open Browser" library="SeleniumLibrary">
<arg>${url}</arg>
<arg>chrome</arg>
<doc>Opens a new browser instance to the optional ``url``.</doc>
<msg timestamp="20210513 12:42:33.371" level="INFO">Opening browser 'chrome' to base url 'https://training-wheels-protocol.herokuapp.com/'.</msg>
<status status="PASS" starttime="20210513 12:42:33.371" endtime="20210513 12:42:41.590"/>
</kw>
<status status="PASS" starttime="20210513 12:42:33.370" endtime="20210513 12:42:41.591"/>
</kw>
<kw name="Title Should Be" library="SeleniumLibrary">
<arg>Training Wheels Protocol</arg>
<doc>Verifies that the current page title equals ``title``.</doc>
<msg timestamp="20210513 12:42:41.608" level="INFO">Page title is 'Training Wheels Protocol'.</msg>
<status status="PASS" starttime="20210513 12:42:41.592" endtime="20210513 12:42:41.608"/>
</kw>
<kw name="Encerra sessão" library="base" type="TEARDOWN">
<kw name="Close Browser" library="SeleniumLibrary">
<doc>Closes the current browser.</doc>
<status status="PASS" starttime="20210513 12:42:41.610" endtime="20210513 12:42:41.780"/>
</kw>
<status status="PASS" starttime="20210513 12:42:41.609" endtime="20210513 12:42:41.781"/>
</kw>
<status status="PASS" starttime="20210513 12:42:33.368" endtime="20210513 12:42:41.781"/>
</test>
<status status="PASS" starttime="20210513 12:42:33.361" endtime="20210513 12:42:41.782"/>
</suite>
<status status="PASS" starttime="20210513 12:42:20.122" endtime="20210513 12:42:41.784"/>
</suite>
<statistics>
<total>
<stat pass="3" fail="0" skip="0">All Tests</stat>
</total>
<tag>
<stat pass="1" fail="0" skip="0">ironman</stat>
</tag>
<suite>
<stat pass="3" fail="0" skip="0" id="s1" name="Tests">Tests</stat>
<stat pass="2" fail="0" skip="0" id="s1-s1" name="Checkbox">Tests.Checkbox</stat>
<stat pass="1" fail="0" skip="0" id="s1-s2" name="Title">Tests.Title</stat>
</suite>
</statistics>
<errors>
</errors>
</robot>
